app/build/outputs/mapping/release/seeds.txt
app.web.quasargram_c0a5a.twa.DelegationService
app.web.quasargram_c0a5a.twa.DelegationService: DelegationService()
app.web.quasargram_c0a5a.twa.LauncherActivity
app.web.quasargram_c0a5a.twa.Application: Application()
app.web.quasargram_c0a5a.twa.Application
app.web.quasargram_c0a5a.twa.LauncherActivity: LauncherActivity()
...
androidx.loader.app.LoaderManagerImpl$LoaderViewModel
androidx.fragment.app.FragmentManagerState: android.os.Parcelable$Creator CREATOR
androidx.core.graphics.drawable.IconCompat
androidx.lifecycle.Lifecycle$Event: androidx.lifecycle.Lifecycle$Event ON_PAUSE
com.google.android.gms.common.internal.GetServiceRequest: android.os.Parcelable$Creator CREATOR
com.google.android.gms.internal.location.zzbf: android.os.Parcelable$Creator CREATOR
com.google.androidbrowserhelper.trusted.FocusActivity: FocusActivity()
androidx.core.app.RemoteActionCompatParcelizer: RemoteActionCompatParcelizer()
androidx.fragment.app.FragmentState: android.os.Parcelable$Creator CREATOR
androidx.lifecycle.Lifecycle$Event: androidx.lifecycle.Lifecycle$Event ON_CREATE
androidx.core.app.RemoteActionCompat: RemoteActionCompat()
androidx.lifecycle.Lifecycle$State: androidx.lifecycle.Lifecycle$State valueOf(java.lang.String)
com.google.android.gms.common.api.internal.LifecycleCallback
com.google.android.gms.dynamite.DynamiteModule$DynamiteLoaderClassLoader: java.lang.ClassLoader sClassLoader
com.google.android.gms.internal.location.zzo: android.os.Parcelable$Creator CREATOR
com.google.androidbrowserhelper.trusted.FocusActivity
com.google.android.gms.common.api.Scope: android.os.Parcelable$Creator CREATOR
androidx.lifecycle.ReflectiveGenericLifecycleObserver
androidx.lifecycle.LiveData$LifecycleBoundObserver
androidx.fragment.app.BackStackState: android.os.Parcelable$Creator CREATOR
com.google.android.gms.internal.location.zzad: android.os.Parcelable$Creator CREATOR
com.google.android.gms.dynamite.DynamiteModule$DynamiteLoaderClassLoader
androidx.lifecycle.Lifecycle$Event: androidx.lifecycle.Lifecycle$Event ON_RESUME
com.google.android.gms.internal.location.zzbd: android.os.Parcelable$Creator CREATOR
androidx.core.content.FileProvider
com.google.android.gms.common.internal.ClientIdentity: android.os.Parcelable$Creator CREATOR
com.google.androidbrowserhelper.trusted.WebViewFallbackActivity: WebViewFallbackActivity()
androidx.lifecycle.Lifecycle$Event: androidx.lifecycle.Lifecycle$Event[] $VALUES
androidx.browser.trusted.TrustedWebActivityService: TrustedWebActivityService()
com.google.androidbrowserhelper.locationdelegation.PermissionRequestActivity
com.google.androidbrowserhelper.trusted.LauncherActivity: LauncherActivity()
com.google.android.gms.internal.location.zzm: android.os.Parcelable$Creator CREATOR
androidx.annotation.Keep
com.google.android.gms.dynamite.DynamiteModule$DynamiteLoaderClassLoader: DynamiteModule$DynamiteLoaderClassLoader()
com.google.android.gms.common.api.GoogleApiActivity
android.support.v4.app.RemoteActionCompatParcelizer: androidx.core.app.RemoteActionCompat read(androidx.versionedparcelable.VersionedParcel)
com.google.androidbrowserhelper.trusted.ManageDataLauncherActivity: ManageDataLauncherActivity()
androidx.browser.browseractions.BrowserActionsFallbackMenuView
androidx.browser.browseractions.BrowserActionsFallbackMenuView: BrowserActionsFallbackMenuView(android.content.Context,android.util.AttributeSet)
com.google.androidbrowserhelper.trusted.ManageDataLauncherActivity
androidx.lifecycle.Lifecycle$Event: androidx.lifecycle.Lifecycle$Event ON_DESTROY
com.google.android.gms.signin.internal.zaj: android.os.Parcelable$Creator CREATOR
androidx.core.app.CoreComponentFactory: CoreComponentFactory()
com.google.android.gms.common.Feature: android.os.Parcelable$Creator CREATOR
androidx.lifecycle.SingleGeneratedAdapterObserver
android.support.v4.graphics.drawable.IconCompatParcelizer: void write(androidx.core.graphics.drawable.IconCompat,androidx.versionedparcelable.VersionedParcel)
androidx.versionedparcelable.CustomVersionedParcelable: CustomVersionedParcelable()
com.google.android.gms.location.LocationResult: android.os.Parcelable$Creator CREATOR
com.google.android.gms.location.LocationAvailability: android.os.Parcelable$Creator CREATOR
androidx.core.content.FileProvider: FileProvider()