app/build/outputs/mapping/release/mapping.txt
# compiler: R8
# compiler_version: 2.1.86
# min_api: 19
# pg_map_id: 449a3fc
# common_typos_disable
app.web.quasargram_c0a5a.twa.LauncherActivity -> app.web.quasargram_c0a5a.twa.LauncherActivity:
    android.net.Uri getLaunchingUrl() -> f
...
com.google.android.gms.common.api.Api$SimpleClient -> com.google.android.gms.common.api.a$h:
    java.lang.String getStartServiceAction() -> g
    void setState(int,android.os.IInterface) -> s
    java.lang.String getServiceDescriptor() -> t
    android.os.IInterface createServiceInterface(android.os.IBinder) -> x
com.google.android.gms.common.api.ApiException -> com.google.android.gms.common.api.b:
com.google.android.gms.common.api.AvailabilityException -> com.google.android.gms.common.api.c:
    androidx.collection.ArrayMap zaay -> a
    com.google.android.gms.common.ConnectionResult getConnectionResult(com.google.android.gms.common.api.GoogleApi) -> a
    androidx.collection.ArrayMap zaj() -> b
com.google.android.gms.common.api.CommonStatusCodes -> com.google.android.gms.common.api.d:
    java.lang.String getStatusCodeString(int) -> a
com.google.android.gms.common.api.GoogleApi -> com.google.android.gms.common.api.e:
    android.content.Context mContext -> a
    com.google.android.gms.common.api.internal.GoogleApiManager zabm -> g
    com.google.android.gms.common.api.internal.zai zabi -> d
    int mId -> f
    android.os.Looper zabj -> e
    com.google.android.gms.common.api.Api$ApiOptions zabh -> c
    com.google.android.gms.common.api.Api mApi -> b
    com.google.android.gms.common.internal.ClientSettings$Builder createClientSettingsBuilder() -> a
    com.google.android.gms.common.api.internal.BaseImplementation$ApiMethodImpl doWrite(com.google.android.gms.common.api.internal.BaseImplementation$ApiMethodImpl) -> b
    com.google.android.gms.common.api.Api getApi() -> c
    int getInstanceId() -> d
    android.os.Looper getLooper() -> e
    com.google.android.gms.common.api.Api$Client zaa(android.os.Looper,com.google.android.gms.common.api.internal.GoogleApiManager$zaa) -> f
    com.google.android.gms.common.api.internal.BaseImplementation$ApiMethodImpl zaa(int,com.google.android.gms.common.api.internal.BaseImplementation$ApiMethodImpl) -> g
    com.google.android.gms.common.api.internal.zace zaa(android.content.Context,android.os.Handler) -> h
    com.google.android.gms.common.api.internal.zai zak() -> i
com.google.android.gms.common.api.GoogleApiActivity -> com.google.android.gms.common.api.GoogleApiActivity:
    int zabp -> a
    android.app.PendingIntent zaa(android.content.Context,android.app.PendingIntent,int) -> a
    android.content.Intent zaa(android.content.Context,android.app.PendingIntent,int,boolean) -> b
com.google.android.gms.common.api.GoogleApiClient -> com.google.android.gms.common.api.f:
    java.util.Set zabq -> a
    void connect() -> d
    void connect(int) -> e
    void disconnect() -> f
    void dump(java.lang.String,java.io.FileDescriptor,java.io.PrintWriter,java.lang.String[]) -> g
    com.google.android.gms.common.api.internal.BaseImplementation$ApiMethodImpl execute(com.google.android.gms.common.api.internal.BaseImplementation$ApiMethodImpl) -> h
    com.google.android.gms.common.api.Api$Client getClient(com.google.android.gms.common.api.Api$AnyClientKey) -> i
    android.os.Looper getLooper() -> j
    boolean isConnected() -> k
    boolean isConnecting() -> l
    void zab(com.google.android.gms.common.api.internal.zacm) -> m
    java.util.Set zal() -> n