app/build/outputs/mapping/release/usage.txt
app.web.quasargram_c0a5a.twa.BuildConfig
app.web.quasargram_c0a5a.twa.R$raw
app.web.quasargram_c0a5a.twa.R$drawable
app.web.quasargram_c0a5a.twa.R$style
app.web.quasargram_c0a5a.twa.R$integer
app.web.quasargram_c0a5a.twa.R$dimen
app.web.quasargram_c0a5a.twa.R$string
app.web.quasargram_c0a5a.twa.R$layout
app.web.quasargram_c0a5a.twa.R
app.web.quasargram_c0a5a.twa.R$color
app.web.quasargram_c0a5a.twa.R$styleable
app.web.quasargram_c0a5a.twa.R$mipmap
app.web.quasargram_c0a5a.twa.R$id
app.web.quasargram_c0a5a.twa.R$xml
app.web.quasargram_c0a5a.twa.R$attr
app.web.quasargram_c0a5a.twa.R$bool
...
com.google.android.gms.common.server.response.FastJsonResponse$Field
androidx.annotation.StyleRes
androidx.core.content.MimeTypeFilter
androidx.core.view.DisplayCutoutCompat
androidx.core.app.NotificationCompat$NotificationVisibility
com.google.android.gms.tasks.zzo
com.google.android.gms.dynamite.zzd
android.support.v4.os.ResultReceiver$MyResultReceiver
com.google.android.gms.common.server.response.zao
com.google.android.gms.common.internal.GmsClient:
    protected void <init>(android.content.Context,android.os.Handler,int,com.google.android.gms.common.internal.ClientSettings)
    protected void <init>(android.content.Context,android.os.Looper,int,com.google.android.gms.common.internal.ClientSettings)
    protected void <init>(android.content.Context,android.os.Handler,com.google.android.gms.common.internal.GmsClientSupervisor,com.google.android.gms.common.GoogleApiAvailability,int,com.google.android.gms.common.internal.ClientSettings,com.google.android.gms.common.api.GoogleApiClient$ConnectionCallbacks,com.google.android.gms.common.api.GoogleApiClient$OnConnectionFailedListener)
    protected final com.google.android.gms.common.internal.ClientSettings getClientSettings()
    public com.google.android.gms.common.Feature[] getRequiredFeatures()
com.google.android.gms.common.api.internal.IStatusCallback$Stub$zaa
androidx.core.view.VelocityTrackerCompat
androidx.core.text.PrecomputedTextCompat$PrecomputedTextFutureTask$PrecomputedTextCallback
androidx.core.widget.TintableCompoundButton
androidx.core.view.accessibility.AccessibilityManagerCompat$AccessibilityStateChangeListenerCompat
com.google.androidbrowserhelper.locationdelegation.R$layout
androidx.print.PrintHelper$PrintUriAdapter$1$1
androidx.slidingpanelayout.R
androidx.viewpager.R$drawable
androidx.core.R$color
com.google.android.gms.common.api.BooleanResult
com.google.android.gms.common.internal.zzk
com.google.android.gms.common.ErrorDialogFragment:
    public static com.google.android.gms.common.ErrorDialogFragment newInstance(android.app.Dialog)
com.google.android.gms.common.util.UidVerifier
androidx.asynclayoutinflater.view.AsyncLayoutInflater$InflateRequest
androidx.core.view.GestureDetectorCompat$GestureDetectorCompatImplBase$GestureHandler
androidx.localbroadcastmanager.content.LocalBroadcastManager$BroadcastRecord
com.google.android.gms.common.api.ApiException:
    public int getStatusCode()
    public java.lang.String getStatusMessage()
com.google.android.gms.internal.location.zzas:
    private final com.google.android.gms.internal.location.zzat zzb(com.google.android.gms.common.api.internal.ListenerHolder)
    public final com.google.android.gms.location.LocationAvailability zza()
    public final void zza(com.google.android.gms.internal.location.zzbd,com.google.android.gms.common.api.internal.ListenerHolder,com.google.android.gms.internal.location.zzaj)
    public final void zza(com.google.android.gms.location.LocationRequest,android.app.PendingIntent,com.google.android.gms.internal.location.zzaj)
    public final void zzb(com.google.android.gms.common.api.internal.ListenerHolder$ListenerKey,com.google.android.gms.internal.location.zzaj)
    public final void zza(android.app.PendingIntent,com.google.android.gms.internal.location.zzaj)
    public final void zza(android.location.Location)
    public final void zza(com.google.android.gms.internal.location.zzaj)
com.google.android.gms.location.LocationSettingsStatusCodes
androidx.viewpager.widget.PagerTitleStrip
androidx.core.hardware.fingerprint.FingerprintManagerCompat$1
androidx.browser.customtabs.CustomTabsIntent$ColorScheme
androidx.core.text.util.LinkifyCompat$LinkSpec
androidx.core.graphics.PathUtils
androidx.core.app.NotificationCompat$WearableExtender
com.google.android.gms.common.internal.StringResourceValueReader
androidx.annotation.BoolRes
androidx.lifecycle.AndroidViewModel